
ROM used: 179 (2%)
          179 (2%) including unused fragments

          0 Average locations per line
          5 Average locations per statement

RAM used: 9 (2%) at main() level
          10 (3%) worst case

Stack used: 2 worst case (out of 8 total available)

Lines Stmts  %   Files
----- ----- ---  -----
   81    34 100  LED_BUTTON.c
  411     0   0  C:\Program Files (x86)\PICC\devices\16f887.h
----- -----
  492    34 Total

Page ROM  %  RAM   Vol Diff  Functions:
---- --- --- ---   --- ----  ----------
0     20  11   1             @delay_ms1
0     80  45   1   475  4.3  Button2
0     20  11   1    69  1.9  Button1
0     55  31   1   228  2.7  MAIN

Program metrics:
    Functions               3
    Statements              34
    Comments                95
    Volume (V)              980
    Difficilty (D)          9.0
    Effort to implement (E) 8822
    Time to implement (T)   8 minutes
    Est Delivered Bugs (B)  0
    Cyclomatic Complexity   5
    Maintainability (MI)    134

 Segment     Used  Free
-----------  ----  ----
00000-00003     4  0  
00004-007FF   175  1869  
00800-00FFF     0  2048  
01000-017FF     0  2048  
01800-01FFF     0  2048  



